  [4;36;1mSQL (0.5ms)[0m   [0;1m SELECT name
 FROM sqlite_master
 WHERE type = 'table' AND NOT name = 'sqlite_sequence'
[0m
  [4;35;1mSQL (0.1ms)[0m   [0mSELECT version FROM schema_migrations[0m
Migrating to CreateEntries (20091111021157)
Migrating to CreateTrustees (20091227022841)
  [4;36;1mSQL (0.1ms)[0m   [0;1mselect sqlite_version(*)[0m
  [4;35;1mSQL (0.5ms)[0m   [0mCREATE TABLE "trustees" ("id" INTEGER PRIMARY KEY AUTOINCREMENT NOT NULL, "name" varchar(255), "url" varchar(255), "organization" varchar(255), "twitter" varchar(255), "created_at" datetime, "updated_at" datetime) [0m
  [4;36;1mSQL (0.4ms)[0m   [0;1mINSERT INTO schema_migrations (version) VALUES ('20091227022841')[0m
  [4;35;1mSQL (0.3ms)[0m   [0m SELECT name
 FROM sqlite_master
 WHERE type = 'table' AND NOT name = 'sqlite_sequence'
[0m
  [4;36;1mSQL (0.1ms)[0m   [0;1mSELECT version FROM schema_migrations[0m
  [4;35;1mSQL (0.2ms)[0m   [0m SELECT name
 FROM sqlite_master
 WHERE type = 'table' AND NOT name = 'sqlite_sequence'
[0m
  [4;36;1mSQL (0.0ms)[0m   [0;1mPRAGMA index_list("entries")[0m
  [4;35;1mSQL (0.0ms)[0m   [0mPRAGMA index_list("trustees")[0m
  [4;36;1mSQL (0.4ms)[0m   [0;1m SELECT name
 FROM sqlite_master
 WHERE type = 'table' AND NOT name = 'sqlite_sequence'
[0m
  [4;35;1mSQL (0.1ms)[0m   [0mSELECT version FROM schema_migrations[0m
  [4;36;1mSQL (0.2ms)[0m   [0;1m SELECT name
 FROM sqlite_master
 WHERE type = 'table' AND NOT name = 'sqlite_sequence'
[0m
  [4;35;1mSQL (0.1ms)[0m   [0mSELECT version FROM schema_migrations[0m
Migrating to CreateTrustees (20091227022841)
  [4;36;1mSQL (0.1ms)[0m   [0;1mselect sqlite_version(*)[0m
  [4;35;1mSQL (0.7ms)[0m   [0mDROP TABLE "trustees"[0m
  [4;36;1mSQL (0.1ms)[0m   [0;1mDELETE FROM schema_migrations WHERE version = '20091227022841'[0m
Migrating to CreateEntries (20091111021157)
  [4;35;1mSQL (0.6ms)[0m   [0mDROP TABLE "entries"[0m
  [4;36;1mSQL (0.1ms)[0m   [0;1mDELETE FROM schema_migrations WHERE version = '20091111021157'[0m
  [4;35;1mSQL (0.3ms)[0m   [0m SELECT name
 FROM sqlite_master
 WHERE type = 'table' AND NOT name = 'sqlite_sequence'
[0m
  [4;36;1mSQL (0.1ms)[0m   [0;1mSELECT version FROM schema_migrations[0m
  [4;35;1mSQL (0.1ms)[0m   [0m SELECT name
 FROM sqlite_master
 WHERE type = 'table' AND NOT name = 'sqlite_sequence'
[0m
  [4;36;1mSQL (0.4ms)[0m   [0;1m SELECT name
 FROM sqlite_master
 WHERE type = 'table' AND NOT name = 'sqlite_sequence'
[0m
  [4;35;1mSQL (0.1ms)[0m   [0mSELECT version FROM schema_migrations[0m
Migrating to CreateEntries (20091111021157)
  [4;36;1mSQL (0.1ms)[0m   [0;1mselect sqlite_version(*)[0m
  [4;35;1mSQL (0.5ms)[0m   [0mCREATE TABLE "entries" ("id" INTEGER PRIMARY KEY AUTOINCREMENT NOT NULL, "company_name" varchar(255), "name" varchar(255), "email" varchar(255), "url" varchar(255), "phone" varchar(255), "team" text, "product" text, "customer" text, "goals" text, "created_at" datetime, "updated_at" datetime) [0m
  [4;36;1mSQL (0.1ms)[0m   [0;1mINSERT INTO schema_migrations (version) VALUES ('20091111021157')[0m
Migrating to CreateTrustees (20091227022841)
  [4;35;1mSQL (0.5ms)[0m   [0mCREATE TABLE "trustees" ("id" INTEGER PRIMARY KEY AUTOINCREMENT NOT NULL, "name" varchar(255), "url" varchar(255), "organization" varchar(255), "twitter" varchar(255), "email" varchar(255), "created_at" datetime, "updated_at" datetime) [0m
  [4;36;1mSQL (0.1ms)[0m   [0;1mINSERT INTO schema_migrations (version) VALUES ('20091227022841')[0m
  [4;35;1mSQL (0.3ms)[0m   [0m SELECT name
 FROM sqlite_master
 WHERE type = 'table' AND NOT name = 'sqlite_sequence'
[0m
  [4;36;1mSQL (0.1ms)[0m   [0;1mSELECT version FROM schema_migrations[0m
  [4;35;1mSQL (0.2ms)[0m   [0m SELECT name
 FROM sqlite_master
 WHERE type = 'table' AND NOT name = 'sqlite_sequence'
[0m
  [4;36;1mSQL (0.1ms)[0m   [0;1mPRAGMA index_list("entries")[0m
  [4;35;1mSQL (0.0ms)[0m   [0mPRAGMA index_list("trustees")[0m


Processing TrusteesController#index (for 127.0.0.1 at 2009-12-27 22:13:51) [GET]
Rendering template within layouts/application
Rendering trustees/index

ActionView::TemplateError (undefined method `company_name' for #<Trustee:0x102ed6c20>) on line #30 of app/views/trustees/index.html.haml:
27:   %p.left
28:     = f.label :name, "Name"
29:     %br
30:     = f.text_field :company_name, :style => "width: 100px;"
31:   %p.left
32:     = f.label :email, "Email"
33:     %br

    app/views/trustees/index.html.haml:30:in `_run_haml_app47views47trustees47index46html46haml'
    haml (2.2.13) lib/haml/helpers/action_view_mods.rb:164:in `call'
    haml (2.2.13) lib/haml/helpers/action_view_mods.rb:164:in `form_for'
    haml (2.2.13) lib/haml/helpers.rb:543:in `call'
    haml (2.2.13) lib/haml/helpers.rb:543:in `haml_bind_proc'
    haml (2.2.13) lib/haml/helpers/action_view_mods.rb:170:in `form_for'
    app/views/trustees/index.html.haml:26:in `_run_haml_app47views47trustees47index46html46haml'
    haml (2.2.13) lib/haml/helpers/action_view_mods.rb:13:in `render'
    haml (2.2.13) lib/haml/helpers/action_view_mods.rb:13:in `render'
    haml (2.2.13) lib/sass/plugin/rails.rb:19:in `process'

Rendered rescues/_trace (51.8ms)
Rendered rescues/_request_and_response (1.1ms)
Rendering rescues/layout (internal_server_error)


Processing TrusteesController#index (for 127.0.0.1 at 2009-12-27 22:14:00) [GET]
Rendering template within layouts/application
Rendering trustees/index
Rendered layouts/_navigation (1.8ms)
Rendered layouts/_right_col (1.0ms)
Rendered layouts/_footer (0.9ms)
Completed in 111ms (View: 106, DB: 0) | 200 OK [http://localhost/trustees]


Processing TrusteesController#index (for 127.0.0.1 at 2009-12-27 22:14:10) [GET]
Rendering template within layouts/application
Rendering trustees/index
Rendered layouts/_navigation (0.2ms)
Rendered layouts/_right_col (0.1ms)
Rendered layouts/_footer (0.1ms)
Completed in 19ms (View: 15, DB: 0) | 200 OK [http://localhost/trustees]


Processing TrusteesController#index (for 127.0.0.1 at 2009-12-27 22:14:31) [GET]
Rendering template within layouts/application
Rendering trustees/index
Rendered layouts/_navigation (0.2ms)
Rendered layouts/_right_col (0.1ms)
Rendered layouts/_footer (0.1ms)
Completed in 19ms (View: 15, DB: 0) | 200 OK [http://localhost/trustees]


Processing TrusteesController#index (for 127.0.0.1 at 2009-12-27 22:14:38) [GET]
Rendering template within layouts/application
Rendering trustees/index
Rendered layouts/_navigation (0.2ms)
Rendered layouts/_right_col (0.1ms)
Rendered layouts/_footer (0.1ms)
Completed in 19ms (View: 15, DB: 0) | 200 OK [http://localhost/trustees]


Processing TrusteesController#index (for 127.0.0.1 at 2009-12-27 22:14:48) [GET]
Rendering template within layouts/application
Rendering trustees/index
Rendered layouts/_navigation (0.2ms)
Rendered layouts/_right_col (0.1ms)
Rendered layouts/_footer (0.1ms)
Completed in 90ms (View: 85, DB: 0) | 200 OK [http://localhost/trustees]


Processing TrusteesController#index (for 127.0.0.1 at 2009-12-27 22:14:58) [GET]
Rendering template within layouts/application
Rendering trustees/index
Rendered layouts/_navigation (0.2ms)
Rendered layouts/_right_col (0.1ms)
Rendered layouts/_footer (0.1ms)
Completed in 24ms (View: 19, DB: 0) | 200 OK [http://localhost/trustees]


Processing TrusteesController#index (for 127.0.0.1 at 2009-12-27 22:15:28) [GET]
Rendering template within layouts/application
Rendering trustees/index
Rendered layouts/_navigation (0.2ms)
Rendered layouts/_right_col (0.1ms)
Rendered layouts/_footer (0.1ms)
Completed in 20ms (View: 16, DB: 0) | 200 OK [http://localhost/trustees]


Processing TrusteesController#index (for 127.0.0.1 at 2009-12-27 22:16:10) [GET]
Rendering template within layouts/application
Rendering trustees/index
Rendered layouts/_navigation (0.2ms)
Rendered layouts/_right_col (0.1ms)
Rendered layouts/_footer (0.1ms)
Completed in 12ms (View: 8, DB: 0) | 200 OK [http://localhost/trustees]


Processing TrusteesController#index (for 127.0.0.1 at 2009-12-27 22:17:03) [GET]
Rendering template within layouts/application
Rendering trustees/index
Rendered layouts/_navigation (0.2ms)
Rendered layouts/_right_col (0.1ms)
Rendered layouts/_footer (0.1ms)
Completed in 20ms (View: 15, DB: 0) | 200 OK [http://localhost/trustees]


Processing TrusteesController#create (for 127.0.0.1 at 2009-12-27 22:17:06) [POST]
  Parameters: {"commit"=>"Submit", "trustee"=>{"name"=>"", "url"=>"", "organization"=>"", "twitter"=>"", "email"=>""}, "authenticity_token"=>"tbjJU01YfEso62CFKvFRtDy1VZmQEiD+q27OcoZUSIo="}
  [4;36;1mTrustee Create (0.4ms)[0m   [0;1mINSERT INTO "trustees" ("name", "created_at", "updated_at", "url", "organization", "twitter", "email") VALUES('', '2009-12-28 04:17:06', '2009-12-28 04:17:06', '', '', '', '')[0m
Sent mail to admin@scalewell.com

Date: Sun, 27 Dec 2009 22:17:06 -0600
From: system@scalewell.com
To: admin@scalewell.com
Subject: ScaleWell:  is interested in becoming a trustee
Mime-Version: 1.0
Content-Type: multipart/alternative; boundary=mimepart_4b383142997d1_bf0981bf792c19f


--mimepart_4b383142997d1_bf0981bf792c19f
Content-Type: text/plain; charset=utf-8
Content-Transfer-Encoding: Quoted-printable
Content-Disposition: inline

name: =

url: =

org: =

twitter: =


--mimepart_4b383142997d1_bf0981bf792c19f--

ActionView::MissingTemplate (Missing template trustees/create.erb in view path app/views):
  haml (2.2.13) lib/sass/plugin/rails.rb:19:in `process'

Rendering rescues/layout (internal_server_error)


Processing TrusteesController#index (for 127.0.0.1 at 2009-12-27 22:17:25) [GET]
Rendering template within layouts/application
Rendering trustees/index
Rendered layouts/_navigation (0.2ms)
Rendered layouts/_right_col (0.1ms)
Rendered layouts/_footer (0.1ms)
Completed in 20ms (View: 16, DB: 0) | 200 OK [http://localhost/trustees]


Processing ApplicationController#index (for 127.0.0.1 at 2009-12-27 22:17:45) [GET]

SyntaxError (/Users/sean/work/funding/app/controllers/trustees_controller.rb:9: syntax error, unexpected tSTRING_BEG, expecting kEND
    render :action "index"
                    ^):
  

Rendered rescues/_trace (27.9ms)
Rendered rescues/_request_and_response (0.3ms)
Rendering rescues/layout (internal_server_error)


Processing TrusteesController#index (for 127.0.0.1 at 2009-12-27 22:18:07) [GET]
Rendering template within layouts/application
Rendering trustees/index
Rendered layouts/_navigation (0.2ms)
Rendered layouts/_right_col (0.1ms)
Rendered layouts/_footer (0.1ms)
Completed in 13ms (View: 7, DB: 0) | 200 OK [http://localhost/trustees]


Processing TrusteesController#create (for 127.0.0.1 at 2009-12-27 22:18:09) [POST]
  Parameters: {"commit"=>"Submit", "trustee"=>{"name"=>"", "url"=>"", "organization"=>"", "twitter"=>"", "email"=>""}, "authenticity_token"=>"tbjJU01YfEso62CFKvFRtDy1VZmQEiD+q27OcoZUSIo="}
  [4;35;1mTrustee Create (0.4ms)[0m   [0mINSERT INTO "trustees" ("name", "created_at", "updated_at", "url", "organization", "twitter", "email") VALUES('', '2009-12-28 04:18:09', '2009-12-28 04:18:09', '', '', '', '')[0m
Sent mail to admin@scalewell.com

Date: Sun, 27 Dec 2009 22:18:09 -0600
From: system@scalewell.com
To: admin@scalewell.com
Subject: ScaleWell:  is interested in becoming a trustee
Mime-Version: 1.0
Content-Type: multipart/alternative; boundary=mimepart_4b383181551e5_bf0981b0a118321


--mimepart_4b383181551e5_bf0981b0a118321
Content-Type: text/plain; charset=utf-8
Content-Transfer-Encoding: Quoted-printable
Content-Disposition: inline

name: =

url: =

org: =

twitter: =


--mimepart_4b383181551e5_bf0981b0a118321--
Rendering template within layouts/application
Rendering trustees/index
Rendered layouts/_navigation (0.2ms)
Rendered layouts/_right_col (0.1ms)
Rendered layouts/_footer (0.1ms)
Completed in 26ms (View: 7, DB: 0) | 200 OK [http://localhost/trustees]


Processing TrusteesController#update (for 127.0.0.1 at 2009-12-27 22:18:22) [PUT]
  Parameters: {"commit"=>"Submit", "trustee"=>{"name"=>"Sean", "url"=>"url", "organization"=>"hms", "twitter"=>"stcorbett", "email"=>"stc"}, "authenticity_token"=>"tbjJU01YfEso62CFKvFRtDy1VZmQEiD+q27OcoZUSIo=", "id"=>"2"}

ActionController::UnknownAction (No action responded to update. Actions: create and index):
  haml (2.2.13) lib/sass/plugin/rails.rb:19:in `process'

Rendering rescues/layout (not_found)


Processing TrusteesController#index (for 127.0.0.1 at 2009-12-27 22:18:39) [GET]
Rendering template within layouts/application
Rendering trustees/index
Rendered layouts/_navigation (0.2ms)
Rendered layouts/_right_col (0.1ms)
Rendered layouts/_footer (0.1ms)
Completed in 14ms (View: 8, DB: 0) | 200 OK [http://localhost/trustees]


Processing TrusteesController#create (for 127.0.0.1 at 2009-12-27 22:18:47) [POST]
  Parameters: {"commit"=>"Submit", "trustee"=>{"name"=>"sean", "url"=>"url", "organization"=>"hms", "twitter"=>"stcorbett", "email"=>"stc"}, "authenticity_token"=>"tbjJU01YfEso62CFKvFRtDy1VZmQEiD+q27OcoZUSIo="}
  [4;36;1mTrustee Create (0.4ms)[0m   [0;1mINSERT INTO "trustees" ("name", "created_at", "updated_at", "url", "organization", "twitter", "email") VALUES('sean', '2009-12-28 04:18:47', '2009-12-28 04:18:47', 'url', 'hms', 'stcorbett', 'stc')[0m
Sent mail to admin@scalewell.com

Date: Sun, 27 Dec 2009 22:18:47 -0600
From: system@scalewell.com
To: admin@scalewell.com
Subject: ScaleWell: sean is interested in becoming a trustee
Mime-Version: 1.0
Content-Type: multipart/alternative; boundary=mimepart_4b3831a77bf7b_bf09818f7a605af


--mimepart_4b3831a77bf7b_bf09818f7a605af
Content-Type: text/plain; charset=utf-8
Content-Transfer-Encoding: Quoted-printable
Content-Disposition: inline

name: sean
url: url
org: hms
twitter: stcorbett

--mimepart_4b3831a77bf7b_bf09818f7a605af--
Redirected to http://localhost:3000/trustees
Completed in 18ms (DB: 0) | 302 Found [http://localhost/trustees]


Processing TrusteesController#index (for 127.0.0.1 at 2009-12-27 22:18:47) [GET]
Rendering template within layouts/application
Rendering trustees/index
Rendered layouts/_navigation (0.2ms)
Rendered layouts/_right_col (0.1ms)
Rendered layouts/_footer (0.1ms)
Completed in 82ms (View: 77, DB: 0) | 200 OK [http://localhost/trustees]


Processing ApplicationController#index (for 127.0.0.1 at 2009-12-27 22:19:16) [GET]

SyntaxError (/Users/sean/work/funding/app/controllers/trustees_controller.rb:9: syntax error, unexpected tASSOC, expecting kEND
    flash[:notice] => "Thanks!  We will email you."
                     ^):
  

Rendered rescues/_trace (28.7ms)
Rendered rescues/_request_and_response (0.3ms)
Rendering rescues/layout (internal_server_error)


Processing TrusteesController#index (for 127.0.0.1 at 2009-12-27 22:19:23) [GET]
Rendering template within layouts/application
Rendering trustees/index
Rendered layouts/_navigation (0.3ms)
Rendered layouts/_right_col (0.1ms)
Rendered layouts/_footer (0.1ms)
Completed in 13ms (View: 8, DB: 0) | 200 OK [http://localhost/trustees]


Processing TrusteesController#create (for 127.0.0.1 at 2009-12-27 22:19:26) [POST]
  Parameters: {"commit"=>"Submit", "trustee"=>{"name"=>"stc", "url"=>"", "organization"=>"", "twitter"=>"", "email"=>""}, "authenticity_token"=>"tbjJU01YfEso62CFKvFRtDy1VZmQEiD+q27OcoZUSIo="}
  [4;35;1mTrustee Create (0.3ms)[0m   [0mINSERT INTO "trustees" ("name", "created_at", "updated_at", "url", "organization", "twitter", "email") VALUES('stc', '2009-12-28 04:19:26', '2009-12-28 04:19:26', '', '', '', '')[0m
Sent mail to admin@scalewell.com

Date: Sun, 27 Dec 2009 22:19:26 -0600
From: system@scalewell.com
To: admin@scalewell.com
Subject: ScaleWell: stc is interested in becoming a trustee
Mime-Version: 1.0
Content-Type: multipart/alternative; boundary=mimepart_4b3831ce9ab9d_bf09819757bc76d


--mimepart_4b3831ce9ab9d_bf09819757bc76d
Content-Type: text/plain; charset=utf-8
Content-Transfer-Encoding: Quoted-printable
Content-Disposition: inline

name: stc
url: =

org: =

twitter: =


--mimepart_4b3831ce9ab9d_bf09819757bc76d--
Redirected to http://localhost:3000/trustees
Completed in 19ms (DB: 0) | 302 Found [http://localhost/trustees]


Processing TrusteesController#index (for 127.0.0.1 at 2009-12-27 22:19:26) [GET]
Rendering template within layouts/application
Rendering trustees/index
Rendered layouts/_navigation (0.2ms)
Rendered layouts/_right_col (0.1ms)
Rendered layouts/_footer (0.1ms)
Completed in 12ms (View: 7, DB: 0) | 200 OK [http://localhost/trustees]


Processing TrusteesController#create (for 127.0.0.1 at 2009-12-27 22:19:51) [POST]
  Parameters: {"commit"=>"Submit", "trustee"=>{"name"=>"asdffasd", "url"=>"", "organization"=>"", "twitter"=>"", "email"=>""}, "authenticity_token"=>"tbjJU01YfEso62CFKvFRtDy1VZmQEiD+q27OcoZUSIo="}
  [4;36;1mTrustee Create (0.5ms)[0m   [0;1mINSERT INTO "trustees" ("name", "created_at", "updated_at", "url", "organization", "twitter", "email") VALUES('asdffasd', '2009-12-28 04:19:51', '2009-12-28 04:19:51', '', '', '', '')[0m
Sent mail to admin@scalewell.com

Date: Sun, 27 Dec 2009 22:19:51 -0600
From: system@scalewell.com
To: admin@scalewell.com
Subject: ScaleWell: asdffasd is interested in becoming a trustee
Mime-Version: 1.0
Content-Type: multipart/alternative; boundary=mimepart_4b3831e71964a_bf098182fec09ec


--mimepart_4b3831e71964a_bf098182fec09ec
Content-Type: text/plain; charset=utf-8
Content-Transfer-Encoding: Quoted-printable
Content-Disposition: inline

name: asdffasd
url: =

org: =

twitter: =


--mimepart_4b3831e71964a_bf098182fec09ec--
Redirected to http://localhost:3000/trustees
Completed in 92ms (DB: 0) | 302 Found [http://localhost/trustees]


Processing TrusteesController#index (for 127.0.0.1 at 2009-12-27 22:19:51) [GET]
Rendering template within layouts/application
Rendering trustees/index
Rendered layouts/_navigation (0.2ms)
Rendered layouts/_right_col (0.1ms)
Rendered layouts/_footer (0.1ms)
Completed in 15ms (View: 9, DB: 0) | 200 OK [http://localhost/trustees]
